<?xml version="1.0" encoding="UTF-8"?>
<testng-results ignored="0" total="1" passed="1" failed="0" skipped="0">
  <reporter-output>
  </reporter-output>
  <suite started-at="2022-09-23T08:49:31Z" name="Default suite" finished-at="2022-09-23T08:50:05Z" duration-ms="34279">
    <groups>
    </groups>
    <test started-at="2022-09-23T08:49:31Z" name="Default test" finished-at="2022-09-23T08:50:05Z" duration-ms="34279">
      <class name="demo.test.AddCartAmoazonShoping">
        <test-method signature="AddItemtoCart()[pri:0, instance:demo.test.AddCartAmoazonShoping@12359a82]" started-at="2022-09-23T08:49:31Z" name="AddItemtoCart" finished-at="2022-09-23T08:50:05Z" duration-ms="34252" status="PASS">
          <reporter-output>
          </reporter-output>
        </test-method> <!-- AddItemtoCart -->
      </class> <!-- demo.test.AddCartAmoazonShoping -->
    </test> <!-- Default test -->
  </suite> <!-- Default suite -->
</testng-results>
